<?xml version="1.0" encoding="UTF-8"?>
<!-- Generated by org.testng.reporters.JUnitReportReporter -->
<testsuite hostname="CBR-LAP-DEL2443" name="com.test.PageObjectModel.ICJ.uiActions.LoginPage" tests="1" failures="0" timestamp="20 Jun 2019 06:38:50 GMT" time="0.580" errors="0">
  <testcase name="printExcelData" time="0.580" classname="com.test.PageObjectModel.ICJ.uiActions.LoginPage"/>
</testsuite> <!-- com.test.PageObjectModel.ICJ.uiActions.LoginPage -->
