<?xml version="1.0" encoding="UTF-8"?>
<!-- Generated by org.testng.reporters.JUnitReportReporter -->
<testsuite hostname="CBR-LAP-DEL2443" name="com.test.PageObjectModel.ICJ.excelReader.ExcelReader" tests="1" failures="0" timestamp="20 Jun 2019 06:10:51 GMT" time="0.621" errors="0">
  <testcase name="readExcel" time="0.621" classname="com.test.PageObjectModel.ICJ.excelReader.ExcelReader"/>
</testsuite> <!-- com.test.PageObjectModel.ICJ.excelReader.ExcelReader -->
