<?xml version="1.0" encoding="UTF-8"?>
<!-- Generated by org.testng.reporters.JUnitReportReporter -->
<testsuite hostname="CBR-LAP-DEL2443" name="com.test.PageObjectModel.loginPage.VerifyStoreList" tests="1" failures="0" timestamp="22 Jun 2019 11:33:45 GMT" time="85.449" errors="0">
  <testcase name="verifyStoreName" time="85.449" classname="com.test.PageObjectModel.loginPage.VerifyStoreList"/>
</testsuite> <!-- com.test.PageObjectModel.loginPage.VerifyStoreList -->
