<?xml version="1.0" encoding="UTF-8"?>
<!-- Generated by org.testng.reporters.JUnitReportReporter -->
<testsuite hostname="CBR-LAP-DEL2443" name="com.test.PageObjectModel.loginPage.VerifyStoreList" tests="1" failures="0" timestamp="21 Jun 2019 15:35:48 GMT" time="419.299" errors="0">
  <testcase name="verifyStoreName" time="419.299" classname="com.test.PageObjectModel.loginPage.VerifyStoreList"/>
</testsuite> <!-- com.test.PageObjectModel.loginPage.VerifyStoreList -->
